2026-02-09 20:10:08 INFO  o.h.validator.internal.util.Version - HV000001: Hibernate Validator 8.0.3.Final
2026-02-09 20:10:08 INFO  g.a.c.schoolapp.SchoolappApplication - Starting SchoolappApplication using Java 21.0.8 with PID 15296 (C:\Users\bill\Downloads\schoolapp\build\classes\java\main started by bill in C:\Users\bill\Downloads\schoolapp)
2026-02-09 20:10:08 INFO  g.a.c.schoolapp.SchoolappApplication - The following 1 profile is active: "dev"
2026-02-09 20:10:09 INFO  o.s.d.r.c.RepositoryConfigurationDelegate - Bootstrapping Spring Data JPA repositories in DEFAULT mode.
2026-02-09 20:10:09 INFO  o.s.d.r.c.RepositoryConfigurationDelegate - Finished Spring Data repository scanning in 34 ms. Found 2 JPA repository interfaces.
2026-02-09 20:10:09 INFO  o.s.b.w.e.tomcat.TomcatWebServer - Tomcat initialized with port 8080 (http)
2026-02-09 20:10:09 INFO  o.s.b.w.s.c.ServletWebServerApplicationContext - Root WebApplicationContext: initialization completed in 1128 ms
2026-02-09 20:10:10 INFO  org.flywaydb.core.FlywayExecutor - Database: jdbc:mysql://localhost:3306/school9ssr?useSSL=true&serverTimezone=UTC (MySQL 8.0)
2026-02-09 20:10:10 INFO  o.f.c.i.s.JdbcTableSchemaHistory - Schema history table `school9ssr`.`flyway_schema_history` does not exist yet
2026-02-09 20:10:10 INFO  o.f.core.internal.command.DbValidate - Successfully validated 2 migrations (execution time 00:00.016s)
2026-02-09 20:10:10 INFO  org.flywaydb.core.Flyway - All configured schemas are empty; baseline operation skipped. A baseline or migration script with a lower version than the baseline version may execute if available. Check the Schemas parameter if this is not intended.
2026-02-09 20:10:10 INFO  o.f.c.i.s.JdbcTableSchemaHistory - Creating Schema History table `school9ssr`.`flyway_schema_history` ...
2026-02-09 20:10:10 INFO  o.f.core.internal.command.DbMigrate - Current version of schema `school9ssr`: << Empty Schema >>
2026-02-09 20:10:11 INFO  o.f.core.internal.command.DbMigrate - Migrating schema `school9ssr` to version "1 - initial schema"
2026-02-09 20:10:11 INFO  o.f.core.internal.command.DbMigrate - Migrating schema `school9ssr` to version "2 - insert regions"
2026-02-09 20:10:11 INFO  o.f.core.internal.command.DbMigrate - Successfully applied 2 migrations to schema `school9ssr`, now at version v2 (execution time 00:00.168s)
2026-02-09 20:10:11 INFO  org.hibernate.Version - HHH000412: Hibernate ORM core version 6.6.41.Final
2026-02-09 20:10:11 INFO  o.h.c.i.RegionFactoryInitiator - HHH000026: Second-level cache disabled
2026-02-09 20:10:11 INFO  o.s.o.j.p.SpringPersistenceUnitInfo - No LoadTimeWeaver setup: ignoring JPA class transformer
2026-02-09 20:10:11 WARN  org.hibernate.orm.deprecation - HHH90000025: MySQL8Dialect does not need to be specified explicitly using 'hibernate.dialect' (remove the property setting and it will be selected by default)
2026-02-09 20:10:11 WARN  org.hibernate.orm.deprecation - HHH90000026: MySQL8Dialect has been deprecated; use org.hibernate.dialect.MySQLDialect instead
2026-02-09 20:10:11 INFO  o.hibernate.orm.connections.pooling - HHH10001005: Database info:
	Database JDBC URL [Connecting through datasource 'HikariDataSource (HikariPool-1)']
	Database driver: undefined/unknown
	Database version: 8.0
	Autocommit mode: undefined/unknown
	Isolation level: undefined/unknown
	Minimum pool size: undefined/unknown
	Maximum pool size: undefined/unknown
2026-02-09 20:10:12 INFO  o.h.e.t.j.p.i.JtaPlatformInitiator - HHH000489: No JTA platform available (set 'hibernate.transaction.jta.platform' to enable JTA platform integration)
2026-02-09 20:10:12 INFO  o.s.o.j.LocalContainerEntityManagerFactoryBean - Initialized JPA EntityManagerFactory for persistence unit 'default'
2026-02-09 20:10:13 INFO  o.s.b.w.e.tomcat.TomcatWebServer - Tomcat started on port 8080 (http) with context path '/'
2026-02-09 20:10:13 INFO  g.a.c.schoolapp.SchoolappApplication - Started SchoolappApplication in 4.868 seconds (process running for 5.151)
