2026-02-10 11:37:18 INFO  o.h.validator.internal.util.Version - HV000001: Hibernate Validator 8.0.3.Final
2026-02-10 11:37:18 INFO  g.a.c.schoolapp.SchoolappApplication - Starting SchoolappApplication using Java 21.0.8 with PID 17088 (C:\Users\bill\Downloads\schoolapp\build\classes\java\main started by bill in C:\Users\bill\Downloads\schoolapp)
2026-02-10 11:37:18 INFO  g.a.c.schoolapp.SchoolappApplication - The following 1 profile is active: "dev"
2026-02-10 11:37:19 INFO  o.s.d.r.c.RepositoryConfigurationDelegate - Bootstrapping Spring Data JPA repositories in DEFAULT mode.
2026-02-10 11:37:19 INFO  o.s.d.r.c.RepositoryConfigurationDelegate - Finished Spring Data repository scanning in 38 ms. Found 2 JPA repository interfaces.
2026-02-10 11:37:19 INFO  o.s.b.w.e.tomcat.TomcatWebServer - Tomcat initialized with port 8080 (http)
2026-02-10 11:37:20 INFO  o.s.b.w.s.c.ServletWebServerApplicationContext - Root WebApplicationContext: initialization completed in 1450 ms
2026-02-10 11:37:21 INFO  org.flywaydb.core.FlywayExecutor - Database: jdbc:mysql://localhost:3306/school9ssr?useSSL=true&serverTimezone=UTC (MySQL 8.0)
2026-02-10 11:37:21 INFO  o.f.core.internal.command.DbValidate - Successfully validated 2 migrations (execution time 00:00.052s)
2026-02-10 11:37:21 INFO  o.f.core.internal.command.DbMigrate - Current version of schema `school9ssr`: 2
2026-02-10 11:37:21 INFO  o.f.core.internal.command.DbMigrate - Schema `school9ssr` is up to date. No migration necessary.
2026-02-10 11:37:21 INFO  org.hibernate.Version - HHH000412: Hibernate ORM core version 6.6.41.Final
2026-02-10 11:37:21 INFO  o.h.c.i.RegionFactoryInitiator - HHH000026: Second-level cache disabled
2026-02-10 11:37:22 INFO  o.s.o.j.p.SpringPersistenceUnitInfo - No LoadTimeWeaver setup: ignoring JPA class transformer
2026-02-10 11:37:22 WARN  org.hibernate.orm.deprecation - HHH90000025: MySQL8Dialect does not need to be specified explicitly using 'hibernate.dialect' (remove the property setting and it will be selected by default)
2026-02-10 11:37:22 WARN  org.hibernate.orm.deprecation - HHH90000026: MySQL8Dialect has been deprecated; use org.hibernate.dialect.MySQLDialect instead
2026-02-10 11:37:22 INFO  o.hibernate.orm.connections.pooling - HHH10001005: Database info:
	Database JDBC URL [Connecting through datasource 'HikariDataSource (HikariPool-1)']
	Database driver: undefined/unknown
	Database version: 8.0
	Autocommit mode: undefined/unknown
	Isolation level: undefined/unknown
	Minimum pool size: undefined/unknown
	Maximum pool size: undefined/unknown
2026-02-10 11:37:23 INFO  o.h.e.t.j.p.i.JtaPlatformInitiator - HHH000489: No JTA platform available (set 'hibernate.transaction.jta.platform' to enable JTA platform integration)
2026-02-10 11:37:23 INFO  o.s.o.j.LocalContainerEntityManagerFactoryBean - Initialized JPA EntityManagerFactory for persistence unit 'default'
2026-02-10 11:37:23 INFO  o.s.b.w.e.tomcat.TomcatWebServer - Tomcat started on port 8080 (http) with context path '/'
2026-02-10 11:37:23 INFO  g.a.c.schoolapp.SchoolappApplication - Started SchoolappApplication in 6.101 seconds (process running for 6.412)
2026-02-10 11:37:30 INFO  o.s.web.servlet.DispatcherServlet - Initializing Servlet 'dispatcherServlet'
2026-02-10 11:37:30 INFO  o.s.web.servlet.DispatcherServlet - Completed initialization in 1 ms
2026-02-10 11:39:09 INFO  g.a.c.s.service.TeacherService - Teacher with vat=149820540 saved succesfully
2026-02-10 11:39:41 INFO  g.a.c.s.service.TeacherService - Teacher with vat=149820560 saved succesfully
2026-02-10 11:40:36 INFO  g.a.c.s.service.TeacherService - Teacher with vat=123456789 saved succesfully
2026-02-10 12:18:32 INFO  o.h.validator.internal.util.Version - HV000001: Hibernate Validator 8.0.3.Final
2026-02-10 12:18:32 INFO  g.a.c.schoolapp.SchoolappApplication - Starting SchoolappApplication using Java 21.0.8 with PID 19256 (C:\Users\bill\Downloads\schoolapp\build\classes\java\main started by bill in C:\Users\bill\Downloads\schoolapp)
2026-02-10 12:18:32 INFO  g.a.c.schoolapp.SchoolappApplication - The following 1 profile is active: "dev"
2026-02-10 12:18:32 INFO  o.s.d.r.c.RepositoryConfigurationDelegate - Bootstrapping Spring Data JPA repositories in DEFAULT mode.
2026-02-10 12:18:32 INFO  o.s.d.r.c.RepositoryConfigurationDelegate - Finished Spring Data repository scanning in 28 ms. Found 2 JPA repository interfaces.
2026-02-10 12:18:33 INFO  o.s.b.w.e.tomcat.TomcatWebServer - Tomcat initialized with port 8080 (http)
2026-02-10 12:18:33 INFO  o.s.b.w.s.c.ServletWebServerApplicationContext - Root WebApplicationContext: initialization completed in 917 ms
2026-02-10 12:18:33 INFO  org.flywaydb.core.FlywayExecutor - Database: jdbc:mysql://localhost:3306/school9ssr?useSSL=true&serverTimezone=UTC (MySQL 8.0)
2026-02-10 12:18:34 INFO  o.f.core.internal.command.DbValidate - Successfully validated 2 migrations (execution time 00:00.021s)
2026-02-10 12:18:34 INFO  o.f.core.internal.command.DbMigrate - Current version of schema `school9ssr`: 2
2026-02-10 12:18:34 INFO  o.f.core.internal.command.DbMigrate - Schema `school9ssr` is up to date. No migration necessary.
2026-02-10 12:18:34 INFO  org.hibernate.Version - HHH000412: Hibernate ORM core version 6.6.41.Final
2026-02-10 12:18:34 INFO  o.h.c.i.RegionFactoryInitiator - HHH000026: Second-level cache disabled
2026-02-10 12:18:34 INFO  o.s.o.j.p.SpringPersistenceUnitInfo - No LoadTimeWeaver setup: ignoring JPA class transformer
2026-02-10 12:18:34 WARN  org.hibernate.orm.deprecation - HHH90000025: MySQL8Dialect does not need to be specified explicitly using 'hibernate.dialect' (remove the property setting and it will be selected by default)
2026-02-10 12:18:34 WARN  org.hibernate.orm.deprecation - HHH90000026: MySQL8Dialect has been deprecated; use org.hibernate.dialect.MySQLDialect instead
2026-02-10 12:18:34 INFO  o.hibernate.orm.connections.pooling - HHH10001005: Database info:
	Database JDBC URL [Connecting through datasource 'HikariDataSource (HikariPool-1)']
	Database driver: undefined/unknown
	Database version: 8.0
	Autocommit mode: undefined/unknown
	Isolation level: undefined/unknown
	Minimum pool size: undefined/unknown
	Maximum pool size: undefined/unknown
2026-02-10 12:18:35 INFO  o.h.e.t.j.p.i.JtaPlatformInitiator - HHH000489: No JTA platform available (set 'hibernate.transaction.jta.platform' to enable JTA platform integration)
2026-02-10 12:18:35 INFO  o.s.o.j.LocalContainerEntityManagerFactoryBean - Initialized JPA EntityManagerFactory for persistence unit 'default'
2026-02-10 12:18:35 INFO  o.s.b.w.e.tomcat.TomcatWebServer - Tomcat started on port 8080 (http) with context path '/'
2026-02-10 12:18:35 INFO  g.a.c.schoolapp.SchoolappApplication - Started SchoolappApplication in 3.772 seconds (process running for 4.02)
2026-02-10 12:20:32 INFO  o.s.web.servlet.DispatcherServlet - Initializing Servlet 'dispatcherServlet'
2026-02-10 12:20:32 INFO  o.s.web.servlet.DispatcherServlet - Completed initialization in 1 ms
